[LOG] System::create                           : Header version = 2.02.20. Current version = 2.02.20.
[LOG] Manager::init                            : maxchannels = 256 studioflags = 00000006 flags 00000000 extradriverdata 0000000000000000.
[LOG] SystemI::init                            : Initialize version=20220 (139317), maxchannels=256, flags=0x00020000
[LOG] SystemI::setOutputInternal               : Setting output to 'FMOD WASAPI Output'
[LOG] OutputWASAPI::init                       : Mix Format (WAVEFORMATEX): wFormatTag=0xFFFE, nChannels=2, nSamplesPerSec=48000, nAvgBytesPerSec=384000, nBlockAlign=8, wBitsPerSample=32, cbSize=22.
[LOG] OutputWASAPI::init                       : Mix Format (WAVEFORMATEXTENSIBLE): wValidBitsPerSample=32, dwChannelMask=0x00000003, SubFormat=00000003-0000-0010-8000-00AA00389B71.
[LOG] OutputWASAPI::init                       : Output buffer size: 4096 samples, latency: 0.00ms, period: 10.00ms, DSP buffer: 1024 * 4
[LOG] Thread::initThread                       : Init FMOD stream thread. Affinity: 0x4000000000000003, Priority: 0xFFFF7FFB, Stack Size: 98304, Semaphore: No, Sleep Time: 10, Looping: Yes.
[LOG] Thread::initThread                       : Init FMOD mixer thread. Affinity: 0x4000000000000001, Priority: 0xFFFF7FFA, Stack Size: 81920, Semaphore: No, Sleep Time: 0, Looping: Yes.
[LOG] AsyncManager::init                       : manager 0000020C6DFCC758 isAsync 0 updatePeriod 0.02
[LOG] AsyncManager::init                       : done
[LOG] PlaybackSystem::init                     : 
[LOG] Thread::initThread                       : Init FMOD Studio sample load thread. Affinity: 0x4000000000000003, Priority: 0xFFFF7FFD, Stack Size: 98304, Semaphore: No, Sleep Time: 1, Looping: No.
[LOG] PlaybackSystem::init                     : done
[LOG] Thread::initThread                       : Init FMOD Studio bank load thread. Affinity: 0x4000000000000003, Priority: 0xFFFF7FFD, Stack Size: 98304, Semaphore: No, Sleep Time: 1, Looping: No.
[LOG] Manager::init                            : done.
[LOG] Manager::readBank                        : fileversion = 142, compatVersion = 140 (oldest = 44, newest = 142)
[LOG] Manager::readBank                        : fileversion = 142, compatVersion = 140 (oldest = 44, newest = 142)
[LOG] Manager::readBank                        : fileversion = 142, compatVersion = 140 (oldest = 44, newest = 142)
[LOG] PlaybackSystem::acquireMasterBus         : Setting master channel group format to 6
[LOG] Manager::readBank                        : fileversion = 142, compatVersion = 140 (oldest = 44, newest = 142)
[LOG] Manager::readBank                        : fileversion = 142, compatVersion = 140 (oldest = 44, newest = 142)
[LOG] PlaybackSystem::acquireMasterBus         : Setting master channel group format to 6
[LOG] Manager::readBank                        : fileversion = 142, compatVersion = 140 (oldest = 44, newest = 142)
[LOG] Manager::readBank                        : fileversion = 142, compatVersion = 140 (oldest = 44, newest = 142)
[LOG] PlaybackSystem::acquireMasterBus         : Setting master channel group format to 6
[LOG] Manager::readBank                        : fileversion = 142, compatVersion = 140 (oldest = 44, newest = 142)
[LOG] Manager::readBank                        : fileversion = 142, compatVersion = 140 (oldest = 44, newest = 142)
[LOG] Manager::readBank                        : fileversion = 142, compatVersion = 140 (oldest = 44, newest = 142)
[LOG] PlaybackSystem::acquireMasterBus         : Setting master channel group format to 6
[LOG] Manager::readBank                        : fileversion = 142, compatVersion = 140 (oldest = 44, newest = 142)
[LOG] Manager::readBank                        : fileversion = 142, compatVersion = 140 (oldest = 44, newest = 142)
[LOG] Manager::readBank                        : fileversion = 142, compatVersion = 140 (oldest = 44, newest = 142)
[LOG] PlaybackSystem::acquireMasterBus         : Setting master channel group format to 6
[LOG] Manager::readBank                        : fileversion = 142, compatVersion = 140 (oldest = 44, newest = 142)
[LOG] Manager::readBank                        : fileversion = 142, compatVersion = 140 (oldest = 44, newest = 142)
[LOG] Manager::readBank                        : fileversion = 142, compatVersion = 140 (oldest = 44, newest = 142)
[LOG] PlaybackSystem::acquireMasterBus         : Setting master channel group format to 6
[LOG] Manager::readBank                        : fileversion = 142, compatVersion = 140 (oldest = 44, newest = 142)
[LOG] SystemI::createSound                     : filename = Assets/VDF_HOLOLIVE_PVZ/Build/Desktop/Music.bank : mode 02010082
[LOG] SystemI::createSound                     : FMOD_NONBLOCKING specified.  Putting into queue to be opened asynchronously!
[LOG] Thread::initThread                       : Init FMOD nonblocking thread (0). Affinity: 0x4000000000000003, Priority: 0xFFFF7FFC, Stack Size: 114688, Semaphore: Yes, Sleep Time: 0, Looping: Yes.
[LOG] AsyncThread::add                         : add sound to async queue : soundi = 0000020C6E09D068, queue head = 0000020C6DFA70F8, queue count = 0
[LOG] AsyncThread::threadFunc                  : Starting Asynchronous operation on sound 0000020C6E09D068
[LOG] SystemI::createSoundInternal             :     Create name='Assets/VDF_HOLOLIVE_PVZ/Build/Desktop/Music.bank', mode=0x02010082
[LOG] SystemI::createSoundInternal             :     exinfo->cbsize             = 224
[LOG] SystemI::createSoundInternal             :     exinfo->length             = 1443520
[LOG] SystemI::createSoundInternal             :     exinfo->fileoffset         = 6208
[LOG] SystemI::createSoundInternal             :     exinfo->numsubsounds       = 1
[LOG] SystemI::createSoundInternal             :     exinfo->inclusionlist      = 0000020B73694BE0
[LOG] SystemI::createSoundInternal             :     exinfo->inclusionlistnum   = 1
[LOG] SystemI::createSoundInternal             :     exinfo->suggestedsoundtype = 5
[LOG] SystemI::createSoundInternal             :     exinfo->initialseekpostype = 1
[LOG] SystemI::createSoundInternal             :     Stream 0/1: name='MAIN_MENU', format=5, channels=2, frequency=48000, lengthbytes=1080640, lengthpcm=3980377, pcmblocksize=0, loopstart=0, loopend=3912451, mode=0x00000000, channelmask=0x00000000, channelorder=0, peakvolume=0.999969.
[LOG] Thread::initThread                       :     Init FMOD file thread. Affinity: 0x4000000000000003, Priority: 0xFFFF7FFC, Stack Size: 65536, Semaphore: No, Sleep Time: 10, Looping: Yes.
[LOG] AsyncThread::threadFunc                  : Finished Asynchronous operation on sound 0000020C6E09D068
[LOG] AsyncThread::add                         : add sound to async queue : soundi = 0000020C75CABBF8, queue head = 0000020C6DFA70F8, queue count = 0
[LOG] AsyncThread::threadFunc                  : Starting Asynchronous operation on sound 0000020C75CABBF8
[LOG] AsyncThread::threadFunc                  : Finished Asynchronous operation on sound 0000020C75CABBF8
[LOG] AsyncThread::add                         : add sound to async queue : soundi = 0000020C75CABBF8, queue head = 0000020C6DFA70F8, queue count = 0
[LOG] AsyncThread::threadFunc                  : Starting Asynchronous operation on sound 0000020C75CABBF8
[LOG] AsyncThread::threadFunc                  : Finished Asynchronous operation on sound 0000020C75CABBF8
[LOG] SystemI::createSound                     : filename = Assets/VDF_HOLOLIVE_PVZ/Build/Desktop/Music.bank : mode 02010082
[LOG] SystemI::createSound                     : FMOD_NONBLOCKING specified.  Putting into queue to be opened asynchronously!
[LOG] AsyncThread::add                         : add sound to async queue : soundi = 0000020C77319A08, queue head = 0000020C6DFA70F8, queue count = 0
[LOG] AsyncThread::threadFunc                  : Starting Asynchronous operation on sound 0000020C77319A08
[LOG] SystemI::createSoundInternal             :     Create name='Assets/VDF_HOLOLIVE_PVZ/Build/Desktop/Music.bank', mode=0x02010082
[LOG] SystemI::createSoundInternal             :     exinfo->cbsize             = 224
[LOG] SystemI::createSoundInternal             :     exinfo->length             = 1443520
[LOG] SystemI::createSoundInternal             :     exinfo->fileoffset         = 6208
[LOG] SystemI::createSoundInternal             :     exinfo->numsubsounds       = 1
[LOG] SystemI::createSoundInternal             :     exinfo->inclusionlist      = 0000020B73694960
[LOG] SystemI::createSoundInternal             :     exinfo->inclusionlistnum   = 1
[LOG] SystemI::createSoundInternal             :     exinfo->suggestedsoundtype = 5
[LOG] SystemI::createSoundInternal             :     exinfo->initialseekpostype = 1
[LOG] SystemI::createSoundInternal             :     Stream 0/1: name='MAIN_MENU', format=5, channels=2, frequency=48000, lengthbytes=1080640, lengthpcm=3980377, pcmblocksize=0, loopstart=0, loopend=3912451, mode=0x00000000, channelmask=0x00000000, channelorder=0, peakvolume=0.999969.
[LOG] AsyncThread::threadFunc                  : Finished Asynchronous operation on sound 0000020C77319A08
[LOG] AsyncThread::add                         : add sound to async queue : soundi = 0000020C42348BB8, queue head = 0000020C6DFA70F8, queue count = 0
[LOG] AsyncThread::threadFunc                  : Starting Asynchronous operation on sound 0000020C42348BB8
[LOG] AsyncThread::threadFunc                  : Finished Asynchronous operation on sound 0000020C42348BB8
[LOG] SoundI::release                          : MAIN_MENU (0000020C6E09D068)
[LOG] SoundI::release                          :     MAIN_MENU (0000020B739C4578)
[LOG] SoundI::release                          :     MAIN_MENU (0000020C75CABBF8)
[LOG] AsyncThread::add                         : add sound to async queue : soundi = 0000020C42348BB8, queue head = 0000020C6DFA70F8, queue count = 0
[LOG] AsyncThread::threadFunc                  : Starting Asynchronous operation on sound 0000020C42348BB8
[LOG] AsyncThread::threadFunc                  : Finished Asynchronous operation on sound 0000020C42348BB8
[LOG] SystemI::createSound                     : filename = Assets/VDF_HOLOLIVE_PVZ/Build/Desktop/Music.bank : mode 02010082
[LOG] SystemI::createSound                     : FMOD_NONBLOCKING specified.  Putting into queue to be opened asynchronously!
[LOG] AsyncThread::add                         : add sound to async queue : soundi = 0000020C7731A788, queue head = 0000020C6DFA70F8, queue count = 0
[LOG] AsyncThread::threadFunc                  : Starting Asynchronous operation on sound 0000020C7731A788
[LOG] SystemI::createSoundInternal             :     Create name='Assets/VDF_HOLOLIVE_PVZ/Build/Desktop/Music.bank', mode=0x02010082
[LOG] SystemI::createSoundInternal             :     exinfo->cbsize             = 224
[LOG] SystemI::createSoundInternal             :     exinfo->length             = 1443520
[LOG] SystemI::createSoundInternal             :     exinfo->fileoffset         = 6208
[LOG] SystemI::createSoundInternal             :     exinfo->numsubsounds       = 1
[LOG] SystemI::createSoundInternal             :     exinfo->inclusionlist      = 0000020B73694BE0
[LOG] SystemI::createSoundInternal             :     exinfo->inclusionlistnum   = 1
[LOG] SystemI::createSoundInternal             :     exinfo->suggestedsoundtype = 5
[LOG] SystemI::createSoundInternal             :     exinfo->initialseekpostype = 1
[LOG] SystemI::createSoundInternal             :     Stream 0/1: name='MAIN_MENU', format=5, channels=2, frequency=48000, lengthbytes=1080640, lengthpcm=3980377, pcmblocksize=0, loopstart=0, loopend=3912451, mode=0x00000000, channelmask=0x00000000, channelorder=0, peakvolume=0.999969.
[LOG] AsyncThread::threadFunc                  : Finished Asynchronous operation on sound 0000020C7731A788
[LOG] AsyncThread::add                         : add sound to async queue : soundi = 0000020C42348D68, queue head = 0000020C6DFA70F8, queue count = 0
[LOG] AsyncThread::threadFunc                  : Starting Asynchronous operation on sound 0000020C42348D68
[LOG] AsyncThread::threadFunc                  : Finished Asynchronous operation on sound 0000020C42348D68
[LOG] SoundI::release                          : MAIN_MENU (0000020C77319A08)
[LOG] SoundI::release                          :     MAIN_MENU (0000020C75CFAB18)
[LOG] SoundI::release                          :     MAIN_MENU (0000020C42348BB8)
[LOG] SystemI::createSound                     : filename = Assets/VDF_HOLOLIVE_PVZ/Build/Desktop/Music.bank : mode 02010082
[LOG] SystemI::createSound                     : FMOD_NONBLOCKING specified.  Putting into queue to be opened asynchronously!
[LOG] AsyncThread::add                         : add sound to async queue : soundi = 0000020C77319F18, queue head = 0000020C6DFA70F8, queue count = 0
[LOG] AsyncThread::threadFunc                  : Starting Asynchronous operation on sound 0000020C77319F18
[LOG] SystemI::createSoundInternal             :     Create name='Assets/VDF_HOLOLIVE_PVZ/Build/Desktop/Music.bank', mode=0x02010082
[LOG] SystemI::createSoundInternal             :     exinfo->cbsize             = 224
[LOG] SystemI::createSoundInternal             :     exinfo->length             = 1443520
[LOG] SystemI::createSoundInternal             :     exinfo->fileoffset         = 6208
[LOG] SystemI::createSoundInternal             :     exinfo->numsubsounds       = 1
[LOG] SystemI::createSoundInternal             :     exinfo->inclusionlist      = 0000020B73694960
[LOG] SystemI::createSoundInternal             :     exinfo->inclusionlistnum   = 1
[LOG] SystemI::createSoundInternal             :     exinfo->suggestedsoundtype = 5
[LOG] SystemI::createSoundInternal             :     exinfo->initialseekpostype = 1
[LOG] SystemI::createSoundInternal             :     Stream 0/1: name='MAIN_MENU', format=5, channels=2, frequency=48000, lengthbytes=1080640, lengthpcm=3980377, pcmblocksize=0, loopstart=0, loopend=3912451, mode=0x00000000, channelmask=0x00000000, channelorder=0, peakvolume=0.999969.
[LOG] AsyncThread::threadFunc                  : Finished Asynchronous operation on sound 0000020C77319F18
[LOG] AsyncThread::add                         : add sound to async queue : soundi = 0000020C42348F18, queue head = 0000020C6DFA70F8, queue count = 0
[LOG] AsyncThread::threadFunc                  : Starting Asynchronous operation on sound 0000020C42348F18
[LOG] SoundI::release                          :     MAIN_MENU (0000020C7731A788)
[LOG] SoundI::release                          :         MAIN_MENU (0000020C75CFA7D8)
[LOG] SoundI::release                          :         MAIN_MENU (0000020C42348D68)
[LOG] AsyncThread::threadFunc                  : Finished Asynchronous operation on sound 0000020C42348F18
[LOG] AsyncThread::add                         : add sound to async queue : soundi = 0000020C42348F18, queue head = 0000020C6DFA70F8, queue count = 0
[LOG] AsyncThread::threadFunc                  : Starting Asynchronous operation on sound 0000020C42348F18
[LOG] AsyncThread::threadFunc                  : Finished Asynchronous operation on sound 0000020C42348F18
[LOG] SoundI::release                          : MAIN_MENU (0000020C77319F18)
[LOG] SoundI::release                          :     MAIN_MENU (0000020C75CFA978)
[LOG] SoundI::release                          :     MAIN_MENU (0000020C42348F18)
[LOG] Thread::callback                         : FMOD Studio bank load thread finished.
[LOG] Thread::callback                         : FMOD Studio sample load thread finished.
[LOG] LiveUpdate::release                      : 
[LOG] LiveUpdate::reset                        : Reset connection (reason Disconnected)
[LOG] Thread::callback                         : FMOD stream thread finished.
[LOG] Thread::callback                         : FMOD mixer thread finished.
[LOG] SystemI::close                           : Closed.
[LOG] Thread::callback                         : FMOD nonblocking thread (0) finished.
[LOG] Thread::callback                         : FMOD file thread finished.
